[ 2016-03-23T12:29:32+08:00 ] ::1 /thinkphp2/
INFO: [ app_init ] --START--
INFO: Run Behavior\BuildLiteBehavior [ RunTime:0.000065s ]
INFO: [ app_init ] --END-- [ RunTime:0.024898s ]
INFO: [ app_begin ] --START--
INFO: Run Behavior\ReadHtmlCacheBehavior [ RunTime:0.025836s ]
INFO: [ app_begin ] --END-- [ RunTime:0.026744s ]
SQL: SHOW COLUMNS FROM `sw_goods` [ RunTime:0.0869s ]
SQL: SELECT * FROM `sw_goods`  [ RunTime:0.0026s ]
INFO: [ view_parse ] --START--
INFO: Run Behavior\ParseTemplateBehavior [ RunTime:0.406245s ]
INFO: [ view_parse ] --END-- [ RunTime:0.406546s ]
INFO: [ view_filter ] --START--
INFO: Run Behavior\WriteHtmlCacheBehavior [ RunTime:0.016834s ]
INFO: [ view_filter ] --END-- [ RunTime:0.017172s ]
INFO: [ app_end ] --START--
INFO: Run Behavior\ShowPageTraceBehavior [ RunTime:0.022544s ]
INFO: [ app_end ] --END-- [ RunTime:0.022947s ]

[ 2016-03-23T18:42:21+08:00 ] ::1 /thinkphp2/
INFO: [ app_init ] --START--
INFO: Run Behavior\BuildLiteBehavior [ RunTime:0.000063s ]
INFO: [ app_init ] --END-- [ RunTime:0.003505s ]
INFO: [ app_begin ] --START--
INFO: Run Behavior\ReadHtmlCacheBehavior [ RunTime:0.025038s ]
INFO: [ app_begin ] --END-- [ RunTime:0.025437s ]
SQL: SHOW COLUMNS FROM `sw_goods` [ RunTime:0.0403s ]
SQL: SELECT * FROM `sw_goods`  [ RunTime:0.0013s ]
INFO: [ view_parse ] --START--
INFO: Run Behavior\ParseTemplateBehavior [ RunTime:0.452977s ]
INFO: [ view_parse ] --END-- [ RunTime:0.453651s ]
INFO: [ view_filter ] --START--
INFO: Run Behavior\WriteHtmlCacheBehavior [ RunTime:0.016975s ]
INFO: [ view_filter ] --END-- [ RunTime:0.017308s ]
INFO: [ app_end ] --START--
INFO: Run Behavior\ShowPageTraceBehavior [ RunTime:0.020081s ]
INFO: [ app_end ] --END-- [ RunTime:0.020434s ]

